--- Details ---
depth: 1000
gates_per_level: 1000
num-parties: 30
pid: 0
repeat: 1
security_param: 128
seed: 200
threads: 6

--- Circuit ---
Input: 1000
Addition: 0
Multiplication: 1000000
Multiplication with Fan-in 3: 0
Multiplication with Fan-in 4: 0
Subtraction: 0
Addition with constant: 0
Multiplication with constant: 0
ReLU: 0
MSB: 0
Equals to zero: 0
Less than zero: 0
Dotproduct: 0
Dotproduct with truncation: 0
Invalid: 0
Total: 1001000
Depth: 1001

--- Repetition 1 ---
time: 97659.5499 ms
sent: 264016064 bytes

--- Statistics ---
peak_resident_set_size: 1655234560
peak_virtual_memory: 1655230464

